2026-01-06 17:52:20 [main] INFO  Log - Starting WebDriver
2026-01-06 17:52:25 [main] INFO  Log - Navigating to URL...
2026-01-06 17:52:30 [main] INFO  Log - Entering InValid Credential...
2026-01-06 17:52:30 [main] INFO  Log - Enter Username...
2026-01-06 17:52:31 [main] INFO  Log - Enter Password...
2026-01-06 17:52:31 [main] INFO  Log - Clicking on Login...
2026-01-06 17:52:31 [main] INFO  Log - Verifiy Login Error Message...
2026-01-06 17:52:35 [main] INFO  Log - Closing Browser...
2026-01-06 17:52:35 [main] INFO  Log - Starting WebDriver
2026-01-06 17:52:36 [main] INFO  Log - Navigating to URL...
2026-01-06 17:52:40 [main] INFO  Log - Entering Valid Credential...
2026-01-06 17:52:40 [main] INFO  Log - Enter Username...
2026-01-06 17:52:41 [main] INFO  Log - Enter Password...
2026-01-06 17:52:41 [main] INFO  Log - Clicking on Login...
2026-01-06 17:52:41 [main] INFO  Log - Closing Browser...
2026-01-06 17:57:14 [main] INFO  Log - Starting WebDriver
2026-01-06 17:57:17 [main] INFO  Log - Navigating to URL...
2026-01-06 17:57:22 [main] INFO  Log - Starting login test with InValid Credential...
2026-01-06 17:57:22 [main] INFO  Log - Enter Username...
2026-01-06 17:57:25 [main] INFO  Log - Enter Password...
2026-01-06 17:57:25 [main] INFO  Log - Clicking on Login...
2026-01-06 17:57:25 [main] INFO  Log - Verifiy Login Error Message...
2026-01-06 17:57:29 [main] INFO  Log - Closing Browser...
2026-01-06 17:57:29 [main] INFO  Log - Starting WebDriver
2026-01-06 17:57:30 [main] INFO  Log - Navigating to URL...
2026-01-06 17:57:36 [main] INFO  Log - Starting login test with Valid Credential...
2026-01-06 17:57:36 [main] INFO  Log - Enter Username...
2026-01-06 17:57:37 [main] INFO  Log - Enter Password...
2026-01-06 17:57:37 [main] INFO  Log - Clicking on Login...
2026-01-06 17:57:37 [main] INFO  Log - Verifying Page Title...
2026-01-06 17:57:40 [main] INFO  Log - Closing Browser...
2026-01-09 23:52:50 [main] INFO  Log - Starting WebDriver
2026-01-09 23:52:54 [main] INFO  Log - Navigating to URL...
2026-01-15 11:57:24 [main] INFO  Log - Starting WebDriver
2026-01-15 11:57:29 [main] INFO  Log - Navigating to URL...
2026-01-15 11:57:33 [main] INFO  Log - Starting login test with InValid Credential...
2026-01-15 11:57:33 [main] INFO  Log - Enter Username...
2026-01-15 11:57:33 [main] INFO  Log - Enter Password...
2026-01-15 11:57:34 [main] INFO  Log - Clicking on Login...
2026-01-15 11:57:34 [main] INFO  Log - Verify Login Error Message...
2026-01-15 11:57:35 [main] INFO  Log - Closing Browser...
2026-01-15 11:57:36 [main] INFO  Log - Starting WebDriver
2026-01-15 11:57:37 [main] INFO  Log - Navigating to URL...
2026-01-15 11:57:40 [main] INFO  Log - Starting login test with Valid Credential...
2026-01-15 11:57:40 [main] INFO  Log - Enter Username...
2026-01-15 11:57:41 [main] INFO  Log - Enter Password...
2026-01-15 11:57:41 [main] INFO  Log - Clicking on Login...
2026-01-15 11:57:41 [main] INFO  Log - Verifying Page Title...
2026-01-15 11:57:41 [main] INFO  Log - Closing Browser...
2026-01-15 18:58:33 [main] INFO  Log - Starting WebDriver
2026-01-15 18:58:37 [main] INFO  Log - Navigating to URL...
2026-01-15 18:58:42 [main] INFO  Log - Starting login test with InValid Credential...
2026-01-15 18:58:42 [main] INFO  Log - Entering invalid credential
2026-01-15 18:58:42 [main] INFO  Log - Enter Username...
2026-01-15 18:58:45 [main] INFO  Log - Enter Password...
2026-01-15 18:58:45 [main] INFO  Log - Clicking on login button
2026-01-15 18:58:45 [main] INFO  Log - Clicking on Login...
2026-01-15 18:58:45 [main] INFO  Log - Verifying login error message
2026-01-15 18:58:45 [main] INFO  Log - Verify Login Error Message...
2026-01-15 18:58:55 [main] INFO  Log - Login fail error message validated
2026-01-15 18:58:55 [main] INFO  Log - Closing Browser...
2026-01-15 19:01:19 [main] INFO  Log - Starting WebDriver
2026-01-15 19:01:22 [main] INFO  Log - Navigating to URL...
2026-01-15 19:01:33 [main] INFO  Log - Starting login test with Valid Credential...
2026-01-15 19:01:33 [main] INFO  Log - Entering valid credential
2026-01-15 19:01:33 [main] INFO  Log - Enter Username...
2026-01-15 19:01:37 [main] INFO  Log - Enter Password...
2026-01-15 19:01:37 [main] INFO  Log - Clicking on login button
2026-01-15 19:01:37 [main] INFO  Log - Clicking on Login...
2026-01-15 19:01:37 [main] INFO  Log - Verifying page title
2026-01-15 19:01:37 [main] INFO  Log - Login successful
2026-01-15 19:01:37 [main] INFO  Log - Closing Browser...
2026-01-15 22:37:22 [main] INFO  Log - Starting WebDriver
2026-01-15 22:37:24 [main] INFO  Log - Navigating to URL...
2026-01-15 22:37:42 [main] INFO  Log - Starting login test with InValid Credential...
2026-01-15 22:37:42 [main] INFO  Log - Entering invalid credential
2026-01-15 22:37:42 [main] INFO  Log - Enter Username...
2026-01-15 22:37:44 [main] INFO  Log - Enter Password...
2026-01-15 22:37:44 [main] INFO  Log - Clicking on login button
2026-01-15 22:37:44 [main] INFO  Log - Clicking on Login...
2026-01-15 22:37:45 [main] INFO  Log - Verifying login error message
2026-01-15 22:37:45 [main] INFO  Log - Verify Login Error Message...
2026-01-15 22:37:46 [main] INFO  Log - Login fail error message validated
2026-01-15 22:37:46 [main] INFO  Log - Closing Browser...
2026-01-15 22:42:14 [main] INFO  Log - Starting WebDriver
2026-01-15 22:42:17 [main] INFO  Log - Navigating to URL...
2026-01-15 22:42:28 [main] INFO  Log - Starting login test with InValid Credential...
2026-01-15 22:42:28 [main] INFO  Log - Entering invalid credential
2026-01-15 22:42:28 [main] INFO  Log - Enter Username...
2026-01-15 22:42:29 [main] INFO  Log - Enter Password...
2026-01-15 22:42:29 [main] INFO  Log - Clicking on login button
2026-01-15 22:42:29 [main] INFO  Log - Clicking on Login...
2026-01-15 22:42:29 [main] INFO  Log - Verifying login error message
2026-01-15 22:42:29 [main] INFO  Log - Verify Login Error Message...
2026-01-15 22:42:32 [main] INFO  Log - Closing Browser...
2026-01-15 23:30:18 [main] INFO  Log - Starting WebDriver
2026-01-15 23:30:20 [main] INFO  Log - Navigating to URL...
2026-01-15 23:30:23 [main] INFO  Log - Starting login test with Valid Credential...
2026-01-15 23:30:23 [main] INFO  Log - Entering valid credential
2026-01-15 23:30:23 [main] INFO  Log - Enter Username...
2026-01-15 23:30:24 [main] INFO  Log - Enter Password...
2026-01-15 23:30:24 [main] INFO  Log - Clicking on login button
2026-01-15 23:30:24 [main] INFO  Log - Clicking on Login...
2026-01-15 23:30:24 [main] INFO  Log - Verifying page title
2026-01-15 23:32:46 [main] INFO  Log - Starting WebDriver
2026-01-15 23:32:49 [main] INFO  Log - Navigating to URL...
2026-01-15 23:32:52 [main] INFO  Log - Starting login test with Valid Credential...
2026-01-15 23:32:52 [main] INFO  Log - Entering valid credential
2026-01-15 23:32:52 [main] INFO  Log - Enter Username...
2026-01-15 23:32:53 [main] INFO  Log - Enter Password...
2026-01-15 23:32:53 [main] INFO  Log - Clicking on login button
2026-01-15 23:32:53 [main] INFO  Log - Clicking on Login...
2026-01-15 23:32:53 [main] INFO  Log - Verifying page title
2026-01-16 18:39:03 [main] INFO  Log - Starting WebDriver
2026-01-16 18:39:05 [main] INFO  Log - Navigating to URL...
2026-01-16 18:39:28 [main] INFO  Log - Starting login test with Valid Credential...
2026-01-16 18:39:28 [main] INFO  Log - Entering valid credential
2026-01-16 18:39:28 [main] INFO  Log - Enter Username...
2026-01-16 18:39:31 [main] INFO  Log - Enter Password...
2026-01-16 18:39:31 [main] INFO  Log - Clicking on login button
2026-01-16 18:39:31 [main] INFO  Log - Clicking on Login...
2026-01-16 18:39:31 [main] INFO  Log - Verifying page title
2026-01-16 20:03:13 [main] INFO  Log - Starting WebDriver
2026-01-16 20:03:13 [main] INFO  Log - Starting WebDriver
2026-01-16 20:03:17 [main] INFO  Log - Navigating to URL...
2026-01-16 20:03:18 [main] INFO  Log - Navigating to URL...
2026-01-16 20:03:35 [main] INFO  Log - Starting login test with Valid Credential...
2026-01-16 20:03:35 [main] INFO  Log - Entering valid credential
2026-01-16 20:03:35 [main] INFO  Log - Enter Username...
2026-01-16 20:03:37 [main] INFO  Log - Enter Password...
2026-01-16 20:03:37 [main] INFO  Log - Clicking on login button
2026-01-16 20:03:37 [main] INFO  Log - Clicking on Login...
2026-01-16 20:03:37 [main] INFO  Log - Verifying page title
2026-01-16 20:03:38 [main] INFO  Log - Starting login test with Valid Credential...
2026-01-16 20:03:38 [main] INFO  Log - Entering valid credential
2026-01-16 20:03:38 [main] INFO  Log - Enter Username...
2026-01-16 20:03:40 [main] INFO  Log - Enter Password...
2026-01-16 20:03:40 [main] INFO  Log - Clicking on login button
2026-01-16 20:03:40 [main] INFO  Log - Clicking on Login...
2026-01-16 20:03:40 [main] INFO  Log - Verifying page title
2026-01-16 20:09:31 [main] INFO  Log - Starting WebDriver
2026-01-16 20:09:34 [main] INFO  Log - Navigating to URL...
2026-01-16 20:09:55 [main] INFO  Log - Starting login test with Valid Credential...
2026-01-16 20:09:55 [main] INFO  Log - Entering valid credential
2026-01-16 20:09:55 [main] INFO  Log - Enter Username...
2026-01-16 20:09:57 [main] INFO  Log - Enter Password...
2026-01-16 20:09:57 [main] INFO  Log - Clicking on login button
2026-01-16 20:09:57 [main] INFO  Log - Clicking on Login...
2026-01-16 20:09:57 [main] INFO  Log - Verifying page title
2026-01-16 20:12:58 [main] INFO  Log - Starting WebDriver
2026-01-16 20:13:01 [main] INFO  Log - Navigating to URL...
2026-01-16 20:13:26 [main] INFO  Log - Starting login test with Valid Credential...
2026-01-16 20:13:26 [main] INFO  Log - Entering valid credential
2026-01-16 20:13:26 [main] INFO  Log - Enter Username...
2026-01-16 20:13:28 [main] INFO  Log - Enter Password...
2026-01-16 20:13:28 [main] INFO  Log - Clicking on login button
2026-01-16 20:13:28 [main] INFO  Log - Clicking on Login...
2026-01-16 20:13:28 [main] INFO  Log - Verifying page title
2026-01-16 20:17:09 [main] INFO  Log - Starting WebDriver
2026-01-16 20:17:11 [main] INFO  Log - Navigating to URL...
2026-01-16 20:17:39 [main] INFO  Log - Starting login test with Valid Credential...
2026-01-16 20:17:39 [main] INFO  Log - Entering valid credential
2026-01-16 20:17:39 [main] INFO  Log - Enter Username...
2026-01-16 20:17:41 [main] INFO  Log - Enter Password...
2026-01-16 20:17:41 [main] INFO  Log - Clicking on login button
2026-01-16 20:17:41 [main] INFO  Log - Clicking on Login...
2026-01-16 20:17:41 [main] INFO  Log - Verifying page title
2026-01-16 20:33:23 [main] INFO  Log - Starting WebDriver
2026-01-16 20:33:24 [main] INFO  Log - Navigating to URL...
2026-01-16 20:33:28 [main] INFO  Log - Starting login test with Valid Credential...
2026-01-16 20:33:28 [main] INFO  Log - Entering valid credential
2026-01-16 20:33:28 [main] INFO  Log - Enter Username...
2026-01-16 20:33:29 [main] INFO  Log - Enter Password...
2026-01-16 20:33:29 [main] INFO  Log - Clicking on login button
2026-01-16 20:33:29 [main] INFO  Log - Clicking on Login...
2026-01-16 20:33:29 [main] INFO  Log - Verifying page title
2026-01-16 20:35:55 [main] INFO  Log - Starting WebDriver
2026-01-16 20:35:57 [main] INFO  Log - Navigating to URL...
2026-01-16 20:36:01 [main] INFO  Log - Starting login test with InValid Credential...
2026-01-16 20:36:01 [main] INFO  Log - Entering invalid credential
2026-01-16 20:36:01 [main] INFO  Log - Enter Username...
2026-01-16 20:36:01 [main] INFO  Log - Enter Password...
2026-01-16 20:36:02 [main] INFO  Log - Clicking on login button
2026-01-16 20:36:02 [main] INFO  Log - Clicking on Login...
2026-01-16 20:36:02 [main] INFO  Log - Verifying login error message
2026-01-16 20:36:02 [main] INFO  Log - Verify Login Error Message...
2026-01-16 20:38:47 [main] INFO  Log - Starting WebDriver
2026-01-16 20:38:49 [main] INFO  Log - Navigating to URL...
2026-01-16 20:38:54 [main] INFO  Log - Starting login test with InValid Credential...
2026-01-16 20:38:54 [main] INFO  Log - Entering invalid credential
2026-01-16 20:38:54 [main] INFO  Log - Enter Username...
2026-01-16 20:38:55 [main] INFO  Log - Enter Password...
2026-01-16 20:38:55 [main] INFO  Log - Clicking on login button
2026-01-16 20:38:55 [main] INFO  Log - Clicking on Login...
2026-01-16 20:38:56 [main] INFO  Log - Verifying login error message
2026-01-16 20:38:56 [main] INFO  Log - Verify Login Error Message...
2026-01-16 20:42:12 [main] INFO  Log - Starting WebDriver
2026-01-16 20:42:14 [main] INFO  Log - Navigating to URL...
2026-01-16 20:42:18 [main] INFO  Log - Starting login test with InValid Credential...
2026-01-16 20:42:18 [main] INFO  Log - Entering invalid credential
2026-01-16 20:42:18 [main] INFO  Log - Enter Username...
2026-01-16 20:42:18 [main] INFO  Log - Enter Password...
2026-01-16 20:42:19 [main] INFO  Log - Clicking on login button
2026-01-16 20:42:19 [main] INFO  Log - Clicking on Login...
2026-01-16 20:42:19 [main] INFO  Log - Verifying login error message
2026-01-16 20:42:19 [main] INFO  Log - Verify Login Error Message...
2026-01-18 12:38:05 [main] INFO  Log - Starting WebDriver
2026-01-18 12:38:07 [main] INFO  Log - Navigating to URL...
2026-01-18 12:38:10 [main] INFO  Log - Starting login test with InValid Credential...
2026-01-18 12:38:10 [main] INFO  Log - Entering invalid credential
2026-01-18 12:38:10 [main] INFO  Log - Enter Username...
2026-01-18 12:38:11 [main] INFO  Log - Enter Password...
2026-01-18 12:38:11 [main] INFO  Log - Clicking on login button
2026-01-18 12:38:11 [main] INFO  Log - Clicking on Login...
2026-01-18 12:38:12 [main] INFO  Log - Verifying login error message
2026-01-18 12:38:12 [main] INFO  Log - Verify Login Error Message...
2026-01-18 12:39:30 [main] INFO  Log - Starting WebDriver
2026-01-18 12:39:32 [main] INFO  Log - Navigating to URL...
2026-01-18 12:39:37 [main] INFO  Log - Starting login test with Valid Credential...
2026-01-18 12:39:37 [main] INFO  Log - Entering valid credential
2026-01-18 12:39:37 [main] INFO  Log - Enter Username...
2026-01-18 12:39:38 [main] INFO  Log - Enter Password...
2026-01-18 12:39:38 [main] INFO  Log - Clicking on login button
2026-01-18 12:39:38 [main] INFO  Log - Clicking on Login...
2026-01-18 12:39:39 [main] INFO  Log - Verifying page title
2026-01-18 12:44:37 [main] INFO  Log - Starting WebDriver
2026-01-18 12:44:39 [main] INFO  Log - Navigating to URL...
2026-01-18 12:44:43 [main] INFO  Log - Starting login test with Valid Credential...
2026-01-18 12:44:43 [main] INFO  Log - Entering valid credential
2026-01-18 12:44:43 [main] INFO  Log - Enter Username...
2026-01-18 12:44:44 [main] INFO  Log - Enter Password...
2026-01-18 12:44:44 [main] INFO  Log - Clicking on login button
2026-01-18 12:44:44 [main] INFO  Log - Clicking on Login...
2026-01-18 12:44:44 [main] INFO  Log - Verifying page title
2026-01-18 12:44:44 [main] INFO  Log - Login successful
2026-01-18 12:44:44 [main] INFO  Log - Starting WebDriver
2026-01-18 12:44:45 [main] INFO  Log - Navigating to URL...
2026-01-18 12:44:48 [main] INFO  Log - Starting login test with InValid Credential...
2026-01-18 12:44:48 [main] INFO  Log - Entering invalid credential
2026-01-18 12:44:48 [main] INFO  Log - Enter Username...
2026-01-18 12:44:49 [main] INFO  Log - Enter Password...
2026-01-18 12:44:49 [main] INFO  Log - Clicking on login button
2026-01-18 12:44:49 [main] INFO  Log - Clicking on Login...
2026-01-18 12:44:49 [main] INFO  Log - Verifying login error message
2026-01-18 12:44:49 [main] INFO  Log - Verify Login Error Message...
2026-01-18 12:44:51 [main] INFO  Log - Login fail error message validated
2026-01-18 12:45:49 [main] INFO  Log - Starting WebDriver
2026-01-18 12:45:50 [main] INFO  Log - Navigating to URL...
2026-01-18 12:45:54 [main] INFO  Log - Starting login test with Valid Credential...
2026-01-18 12:45:54 [main] INFO  Log - Entering valid credential
2026-01-18 12:45:54 [main] INFO  Log - Enter Username...
2026-01-18 12:45:54 [main] INFO  Log - Enter Password...
2026-01-18 12:45:54 [main] INFO  Log - Clicking on login button
2026-01-18 12:45:54 [main] INFO  Log - Clicking on Login...
2026-01-18 12:45:55 [main] INFO  Log - Verifying page title
2026-01-18 12:45:57 [main] INFO  Log - Starting WebDriver
2026-01-18 12:45:58 [main] INFO  Log - Navigating to URL...
2026-01-18 12:46:01 [main] INFO  Log - Starting login test with InValid Credential...
2026-01-18 12:46:01 [main] INFO  Log - Entering invalid credential
2026-01-18 12:46:01 [main] INFO  Log - Enter Username...
2026-01-18 12:46:02 [main] INFO  Log - Enter Password...
2026-01-18 12:46:03 [main] INFO  Log - Clicking on login button
2026-01-18 12:46:03 [main] INFO  Log - Clicking on Login...
2026-01-18 12:46:03 [main] INFO  Log - Verifying login error message
2026-01-18 12:46:03 [main] INFO  Log - Verify Login Error Message...
2026-01-18 12:49:55 [main] INFO  Log - Starting WebDriver
2026-01-18 12:49:57 [main] INFO  Log - Navigating to URL...
2026-01-18 12:50:01 [main] INFO  Log - Starting login test with Valid Credential...
2026-01-18 12:50:01 [main] INFO  Log - Entering valid credential
2026-01-18 12:50:01 [main] INFO  Log - Enter Username...
2026-01-18 12:50:02 [main] INFO  Log - Enter Password...
2026-01-18 12:50:02 [main] INFO  Log - Clicking on login button
2026-01-18 12:50:02 [main] INFO  Log - Clicking on Login...
2026-01-18 12:50:02 [main] INFO  Log - Verifying page title
2026-01-18 12:50:04 [main] INFO  Log - Starting WebDriver
2026-01-18 12:50:05 [main] INFO  Log - Navigating to URL...
2026-01-18 12:50:09 [main] INFO  Log - Starting login test with InValid Credential...
2026-01-18 12:50:09 [main] INFO  Log - Entering invalid credential
2026-01-18 12:50:09 [main] INFO  Log - Enter Username...
2026-01-18 12:50:09 [main] INFO  Log - Enter Password...
2026-01-18 12:50:09 [main] INFO  Log - Clicking on login button
2026-01-18 12:50:09 [main] INFO  Log - Clicking on Login...
2026-01-18 12:50:10 [main] INFO  Log - Verifying login error message
2026-01-18 12:50:10 [main] INFO  Log - Verify Login Error Message...
2026-01-18 12:51:54 [main] INFO  Log - Starting WebDriver
2026-01-18 12:51:56 [main] INFO  Log - Navigating to URL...
2026-01-18 12:52:00 [main] INFO  Log - Starting login test with Valid Credential...
2026-01-18 12:52:00 [main] INFO  Log - Entering valid credential
2026-01-18 12:52:00 [main] INFO  Log - Enter Username...
2026-01-18 12:52:00 [main] INFO  Log - Enter Password...
2026-01-18 12:52:00 [main] INFO  Log - Clicking on login button
2026-01-18 12:52:00 [main] INFO  Log - Clicking on Login...
2026-01-18 12:52:00 [main] INFO  Log - Verifying page title
2026-01-18 12:52:03 [main] INFO  Log - Starting WebDriver
2026-01-18 12:52:03 [main] INFO  Log - Navigating to URL...
2026-01-18 12:52:07 [main] INFO  Log - Starting login test with InValid Credential...
2026-01-18 12:52:07 [main] INFO  Log - Entering invalid credential
2026-01-18 12:52:07 [main] INFO  Log - Enter Username...
2026-01-18 12:52:08 [main] INFO  Log - Enter Password...
2026-01-18 12:52:08 [main] INFO  Log - Clicking on login button
2026-01-18 12:52:08 [main] INFO  Log - Clicking on Login...
2026-01-18 12:52:08 [main] INFO  Log - Verifying login error message
2026-01-18 12:52:08 [main] INFO  Log - Verify Login Error Message...
2026-01-18 12:52:11 [main] INFO  Log - Login fail error message validated
2026-01-18 12:53:34 [main] INFO  Log - Starting WebDriver
2026-01-18 12:53:35 [main] INFO  Log - Navigating to URL...
2026-01-18 12:53:39 [main] INFO  Log - Starting login test with Valid Credential...
2026-01-18 12:53:39 [main] INFO  Log - Entering valid credential
2026-01-18 12:53:39 [main] INFO  Log - Enter Username...
2026-01-18 12:53:40 [main] INFO  Log - Enter Password...
2026-01-18 12:53:40 [main] INFO  Log - Clicking on login button
2026-01-18 12:53:40 [main] INFO  Log - Clicking on Login...
2026-01-18 12:53:40 [main] INFO  Log - Verifying page title
2026-01-18 12:53:40 [main] INFO  Log - Login successful
2026-01-18 12:53:40 [main] INFO  Log - Starting WebDriver
2026-01-18 12:53:41 [main] INFO  Log - Navigating to URL...
2026-01-18 12:53:45 [main] INFO  Log - Starting login test with InValid Credential...
2026-01-18 12:53:45 [main] INFO  Log - Entering invalid credential
2026-01-18 12:53:45 [main] INFO  Log - Enter Username...
2026-01-18 12:53:45 [main] INFO  Log - Enter Password...
2026-01-18 12:53:45 [main] INFO  Log - Clicking on login button
2026-01-18 12:53:45 [main] INFO  Log - Clicking on Login...
2026-01-18 12:53:46 [main] INFO  Log - Verifying login error message
2026-01-18 12:53:46 [main] INFO  Log - Verify Login Error Message...
2026-01-18 12:53:47 [main] INFO  Log - Login fail error message validated
2026-01-18 16:58:00 [main] INFO  Log - Starting WebDriver
2026-01-18 16:58:05 [main] INFO  Log - Navigating to URL...
2026-01-18 16:58:09 [main] INFO  Log - Starting login test with Valid Credential...
2026-01-18 16:58:09 [main] INFO  Log - Entering valid credential
2026-01-18 16:58:09 [main] INFO  Log - Enter Username...
2026-01-18 16:58:10 [main] INFO  Log - Enter Password...
2026-01-18 16:58:10 [main] INFO  Log - Clicking on login button
2026-01-18 16:58:10 [main] INFO  Log - Clicking on Login...
2026-01-18 16:58:10 [main] INFO  Log - Verifying page title
2026-01-18 16:58:10 [main] INFO  Log - Login successful
2026-01-18 16:58:10 [main] INFO  Log - Starting WebDriver
2026-01-18 16:58:12 [main] INFO  Log - Navigating to URL...
2026-01-18 16:58:16 [main] INFO  Log - Starting login test with InValid Credential...
2026-01-18 16:58:16 [main] INFO  Log - Entering invalid credential
2026-01-18 16:58:16 [main] INFO  Log - Enter Username...
2026-01-18 16:58:16 [main] INFO  Log - Enter Password...
2026-01-18 16:58:16 [main] INFO  Log - Clicking on login button
2026-01-18 16:58:16 [main] INFO  Log - Clicking on Login...
2026-01-18 16:58:17 [main] INFO  Log - Verifying login error message
2026-01-18 16:58:17 [main] INFO  Log - Verify Login Error Message...
2026-01-18 16:58:18 [main] INFO  Log - Login fail error message validated
